qemu: fatal: triple fault
EAX=e0000011 EBX=00000050 ECX=00000053 EDX=00000001
ESI=0010b884 EDI=0010a010 EBP=00067eb0 ESP=00110380
EIP=001000d2 EFL=00000002 [-------] CPL=0 II=0 A20=1 SMM=0 HLT=0
ES =0018 00000000 ffffffff 00cf9300
CS =0010 00000000 ffffffff 00cf9a00
SS =0010 00000000 ffffffff 00cf9300
DS =0018 00000000 ffffffff 00cf9300
FS =0018 00000000 ffffffff 00cf9300
GS =0018 00000000 ffffffff 00cf9300
LDT=0000 00000000 0000ffff 00008000
TR =0000 00000000 0000ffff 00008000
GDT=     0010b020 0000004f
IDT=     00000000 000003ff
CR0=e0000011 CR2=00000040 CR3=00101010 CR4=00000000
CCS=0010a010 CCD=e0000011 CCO=LOGICL  
FCW=037f FSW=0000 [ST=0] FTW=00 MXCSR=00001f80
FPR0=0000000000000000 0000 FPR1=0000000000000000 0000
FPR2=0000000000000000 0000 FPR3=0000000000000000 0000
FPR4=0000000000000000 0000 FPR5=0000000000000000 0000
FPR6=0000000000000000 0000 FPR7=0000000000000000 0000
XMM00=00000000000000000000000000000000 XMM01=00000000000000000000000000000000
XMM02=00000000000000000000000000000000 XMM03=00000000000000000000000000000000
XMM04=00000000000000000000000000000000 XMM05=00000000000000000000000000000000
XMM06=00000000000000000000000000000000 XMM07=00000000000000000000000000000000
Aborted

